<?xml version="1.0" encoding="UTF-8"?>
<!-- Generated by org.testng.reporters.JUnitReportReporter -->
<testsuite hostname="DESKTOP-0MS0N57" failures="0" tests="1" name="com.ReqRes_Api.Test_Get_Method" time="1.492" errors="0" timestamp="2023-10-02T19:03:37 IST" skipped="0">
  <testcase classname="com.ReqRes_Api.Test_Get_Method" name="verifyGetRequestStatus" time="1.492"/>
</testsuite> <!-- com.ReqRes_Api.Test_Get_Method -->
