<?xml version="1.0" encoding="UTF-8"?>
<!-- Generated by org.testng.reporters.JUnitReportReporter -->
<testsuite hostname="DESKTOP-0MS0N57" failures="0" tests="1" name="com.ReqRes_Api.Path_Query" time="5.115" errors="0" timestamp="2023-10-04T11:45:00 IST" skipped="0">
  <testcase classname="com.ReqRes_Api.Path_Query" name="learn" time="5.115"/>
</testsuite> <!-- com.ReqRes_Api.Path_Query -->
