<?xml version="1.0" encoding="UTF-8"?>
<!-- Generated by org.testng.reporters.JUnitReportReporter -->
<testsuite hostname="DESKTOP-0MS0N57" failures="0" tests="1" name="com.ReqRes_Api.PostExternalJson" time="4.318" errors="0" timestamp="2023-10-05T17:18:01 IST" skipped="0">
  <testcase classname="com.ReqRes_Api.PostExternalJson" name="bodyExternaljson" time="4.318"/>
</testsuite> <!-- com.ReqRes_Api.PostExternalJson -->
