<?xml version="1.0" encoding="UTF-8"?>
<!-- Generated by org.testng.reporters.JUnitReportReporter -->
<testsuite hostname="DESKTOP-0MS0N57" failures="0" tests="2" name="Basic_Auth.Authorization" time="9.984" errors="0" timestamp="2023-10-03T12:51:08 IST" skipped="0">
  <testcase classname="Basic_Auth.Authorization" name="digestAuth" time="0.003"/>
  <testcase classname="Basic_Auth.Authorization" name="basicAuth" time="9.981"/>
</testsuite> <!-- Basic_Auth.Authorization -->
