<?xml version="1.0" encoding="UTF-8"?>
<!-- Generated by org.testng.reporters.JUnitReportReporter -->
<testsuite hostname="DESKTOP-0MS0N57" failures="0" tests="1" name="com.ReqRes_Api.Basic" time="5.162" errors="0" timestamp="2023-10-02T19:03:37 IST" skipped="0">
  <testcase classname="com.ReqRes_Api.Basic" name="testCase1" time="5.162"/>
</testsuite> <!-- com.ReqRes_Api.Basic -->
